d:\_\__sdl projects\game1017\game1017_w02_lab\game1017_emptyengine\debug\vc142.pdb
d:\_\__sdl projects\game1017\game1017_w02_finishedstates\game1017_emptyengine\debug\vc142.pdb
d:\_\__sdl projects\game1017\game1017_w02_finishedstates\game1017_emptyengine\debug\vc142.idb
d:\_\__sdl projects\game1017\game1017_w02_finishedstates\game1017_emptyengine\debug\states.obj
d:\_\__sdl projects\game1017\game1017_w02_finishedstates\game1017_emptyengine\debug\statemanager.obj
d:\_\__sdl projects\game1017\game1017_w02_finishedstates\game1017_emptyengine\debug\main.obj
d:\_\__sdl projects\game1017\game1017_w02_finishedstates\game1017_emptyengine\debug\engine.obj
d:\_\__sdl projects\game1017\game1017_w02_lab\debug\game1017_emptyengine.exe
d:\_\__sdl projects\game1017\game1017_w02_lab\debug\game1017_emptyengine.ilk
d:\_\__sdl projects\game1017\game1017_w02_lab\debug\game1017_emptyengine.pdb
d:\_\__sdl projects\game1017\game1017_w02_finishedstates\debug\game1017_emptyengine.exe
d:\_\__sdl projects\game1017\game1017_w02_finishedstates\debug\game1017_emptyengine.ilk
d:\_\__sdl projects\game1017\game1017_w02_finishedstates\debug\game1017_emptyengine.pdb
d:\_\__sdl projects\game1017\game1017_w02_startproject\game1017_emptyengine\debug\engine.obj
d:\_\__sdl projects\game1017\game1017_w02_startproject\game1017_emptyengine\debug\main.obj
d:\_\__sdl projects\game1017\game1017_w02_startproject\game1017_emptyengine\debug\statemanager.obj
d:\_\__sdl projects\game1017\game1017_w02_startproject\game1017_emptyengine\debug\states.obj
d:\_\__sdl projects\game1017\game1017_w02_startproject\game1017_emptyengine\debug\vc142.idb
d:\_\__sdl projects\game1017\game1017_w02_startproject\game1017_emptyengine\debug\vc142.pdb
d:\_\__sdl projects\game1017\game1017_w02_startproject\debug\game1017_emptyengine.pdb
d:\_\__sdl projects\game1017\game1017_w02_startproject\debug\game1017_emptyengine.exe
d:\_\__sdl projects\game1017\game1017_w02_startproject\debug\game1017_emptyengine.ilk
d:\_\__sdl projects\game1017\game1017_w02_startproject\game1017_emptyengine\debug\game1017.5ae98247.tlog\cl.command.1.tlog
d:\_\__sdl projects\game1017\game1017_w02_startproject\game1017_emptyengine\debug\game1017.5ae98247.tlog\cl.read.1.tlog
d:\_\__sdl projects\game1017\game1017_w02_startproject\game1017_emptyengine\debug\game1017.5ae98247.tlog\cl.write.1.tlog
d:\_\__sdl projects\game1017\game1017_w02_startproject\game1017_emptyengine\debug\game1017.5ae98247.tlog\link.command.1.tlog
d:\_\__sdl projects\game1017\game1017_w02_startproject\game1017_emptyengine\debug\game1017.5ae98247.tlog\link.read.1.tlog
d:\_\__sdl projects\game1017\game1017_w02_startproject\game1017_emptyengine\debug\game1017.5ae98247.tlog\link.write.1.tlog
